<?xml version="1.0" encoding="UTF-8"?>
<!-- Generated by org.testng.reporters.JUnitReportReporter -->
<testsuite hostname="ManasPC" failures="0" tests="1" name="Recipes.Common_Code" time="8.713" errors="0" timestamp="2023-04-20T12:37:50 CDT" skipped="0">
  <testcase classname="Recipes.Common_Code" name="LoadPage" time="8.713"/>
  <system-out/>
</testsuite> <!-- Recipes.Common_Code -->
