<?xml version="1.0" encoding="UTF-8"?>
<!-- Generated by org.testng.reporters.JUnitReportReporter -->
<testsuite hostname="ManasPC" failures="0" tests="1" name="Recipes.PCOS" time="486.567" errors="0" timestamp="2023-04-19T23:26:50 CDT" skipped="0">
  <testcase classname="Recipes.PCOS" name="LoadAZRecipes" time="486.567"/>
  <system-out/>
</testsuite> <!-- Recipes.PCOS -->
