<?xml version="1.0" encoding="UTF-8"?>
<!-- Generated by org.testng.reporters.JUnitReportReporter -->
<testsuite hostname="ManasPC" failures="0" tests="1" name="Recipes.FilteredRecipes" time="40.197" errors="0" timestamp="2023-04-21T15:22:42 CDT" skipped="0">
  <testcase classname="Recipes.FilteredRecipes" name="LoadAZRecipes" time="40.197"/>
  <system-out/>
</testsuite> <!-- Recipes.FilteredRecipes -->
