<?xml version="1.0" encoding="UTF-8"?>
<!-- Generated by org.testng.reporters.JUnitReportReporter -->
<testsuite hostname="ManasPC" failures="0" tests="1" name="Recipes.CommonCode" time="6.688" errors="0" timestamp="2023-04-23T14:32:49 CDT" skipped="0">
  <testcase classname="Recipes.CommonCode" name="LoadPage" time="6.688"/>
  <system-out/>
</testsuite> <!-- Recipes.CommonCode -->
