<?xml version="1.0" encoding="UTF-8"?>
<!-- Generated by org.testng.reporters.JUnitReportReporter -->
<testsuite hostname="ManasPC" failures="0" tests="1" name="Recipes.FilteredRecipes" time="8.633" errors="0" timestamp="2023-04-23T14:32:49 CDT" skipped="0">
  <testcase classname="Recipes.FilteredRecipes" name="LoadAZRecipes" time="8.633"/>
  <system-out/>
</testsuite> <!-- Recipes.FilteredRecipes -->
