<?xml version="1.0" encoding="UTF-8"?>
<!-- Generated by org.testng.reporters.JUnitReportReporter -->
<testsuite hostname="ManasPC" failures="0" tests="1" name="Recipes.FilteredRecipes" time="41.925" errors="0" timestamp="2023-04-25T11:53:51 CDT" skipped="0">
  <testcase classname="Recipes.FilteredRecipes" name="LoadAZRecipes" time="41.925"/>
  <system-out/>
</testsuite> <!-- Recipes.FilteredRecipes -->
